2019-05-17 20:34:24.678  INFO 1580 --- [main] com.library.mana.ManaApplication         : Starting ManaApplication on DESKTOP-70JBHIR with PID 1580 (started by chw in E:\网站设计\mana)
2019-05-17 20:34:24.709  INFO 1580 --- [main] com.library.mana.ManaApplication         : No active profile set, falling back to default profiles: default
2019-05-17 20:34:28.096  INFO 1580 --- [main] o.s.b.w.embedded.tomcat.TomcatWebServer  : Tomcat initialized with port(s): 8080 (http)
2019-05-17 20:34:28.128  INFO 1580 --- [main] o.apache.catalina.core.StandardService   : Starting service [Tomcat]
2019-05-17 20:34:28.128  INFO 1580 --- [main] org.apache.catalina.core.StandardEngine  : Starting Servlet engine: [Apache Tomcat/9.0.17]
2019-05-17 20:34:28.221  INFO 1580 --- [main] o.a.c.c.C.[Tomcat].[localhost].[/]       : Initializing Spring embedded WebApplicationContext
2019-05-17 20:34:28.221  INFO 1580 --- [main] o.s.web.context.ContextLoader            : Root WebApplicationContext: initialization completed in 3434 ms
2019-05-17 20:34:29.128  INFO 1580 --- [main] o.s.s.concurrent.ThreadPoolTaskExecutor  : Initializing ExecutorService 'applicationTaskExecutor'
2019-05-17 20:34:29.518  INFO 1580 --- [main] o.s.b.w.embedded.tomcat.TomcatWebServer  : Tomcat started on port(s): 8080 (http) with context path ''
2019-05-17 20:34:29.518  INFO 1580 --- [main] com.library.mana.ManaApplication         : Started ManaApplication in 5.601 seconds (JVM running for 8.302)
2019-05-17 20:38:00.193  INFO 10748 --- [main] com.library.mana.ManaApplication         : Starting ManaApplication on DESKTOP-70JBHIR with PID 10748 (started by chw in E:\网站设计\mana)
2019-05-17 20:38:00.193  INFO 10748 --- [main] com.library.mana.ManaApplication         : No active profile set, falling back to default profiles: default
2019-05-17 20:38:02.066  INFO 10748 --- [main] o.s.b.w.embedded.tomcat.TomcatWebServer  : Tomcat initialized with port(s): 8080 (http)
2019-05-17 20:38:02.082  INFO 10748 --- [main] o.apache.catalina.core.StandardService   : Starting service [Tomcat]
2019-05-17 20:38:02.082  INFO 10748 --- [main] org.apache.catalina.core.StandardEngine  : Starting Servlet engine: [Apache Tomcat/9.0.17]
2019-05-17 20:38:02.176  INFO 10748 --- [main] o.a.c.c.C.[Tomcat].[localhost].[/]       : Initializing Spring embedded WebApplicationContext
2019-05-17 20:38:02.176  INFO 10748 --- [main] o.s.web.context.ContextLoader            : Root WebApplicationContext: initialization completed in 1936 ms
2019-05-17 20:38:02.738  INFO 10748 --- [main] o.s.s.concurrent.ThreadPoolTaskExecutor  : Initializing ExecutorService 'applicationTaskExecutor'
2019-05-17 20:38:03.066  INFO 10748 --- [main] o.s.b.w.embedded.tomcat.TomcatWebServer  : Tomcat started on port(s): 8080 (http) with context path ''
2019-05-17 20:38:03.066  INFO 10748 --- [main] com.library.mana.ManaApplication         : Started ManaApplication in 3.919 seconds (JVM running for 5.593)
2019-05-17 20:43:45.767  INFO 10748 --- [http-nio-8080-exec-8] o.a.c.c.C.[Tomcat].[localhost].[/]       : Initializing Spring DispatcherServlet 'dispatcherServlet'
2019-05-17 20:43:45.767  INFO 10748 --- [http-nio-8080-exec-8] o.s.web.servlet.DispatcherServlet        : Initializing Servlet 'dispatcherServlet'
2019-05-17 20:43:45.767  INFO 10748 --- [http-nio-8080-exec-8] o.s.web.servlet.DispatcherServlet        : Completed initialization in 0 ms
2019-05-17 20:44:02.885  INFO 8448 --- [main] com.library.mana.ManaApplication         : Starting ManaApplication on DESKTOP-70JBHIR with PID 8448 (started by chw in E:\网站设计\mana)
2019-05-17 20:44:02.932  INFO 8448 --- [main] com.library.mana.ManaApplication         : No active profile set, falling back to default profiles: default
2019-05-17 20:44:04.445  INFO 8448 --- [main] o.s.b.w.embedded.tomcat.TomcatWebServer  : Tomcat initialized with port(s): 8080 (http)
2019-05-17 20:44:04.479  INFO 8448 --- [main] o.apache.catalina.core.StandardService   : Starting service [Tomcat]
2019-05-17 20:44:04.482  INFO 8448 --- [main] org.apache.catalina.core.StandardEngine  : Starting Servlet engine: [Apache Tomcat/9.0.17]
2019-05-17 20:44:04.593  INFO 8448 --- [main] o.a.c.c.C.[Tomcat].[localhost].[/]       : Initializing Spring embedded WebApplicationContext
2019-05-17 20:44:04.593  INFO 8448 --- [main] o.s.web.context.ContextLoader            : Root WebApplicationContext: initialization completed in 1646 ms
2019-05-17 20:44:05.184  INFO 8448 --- [main] o.s.s.concurrent.ThreadPoolTaskExecutor  : Initializing ExecutorService 'applicationTaskExecutor'
2019-05-17 20:44:05.548  INFO 8448 --- [main] o.s.b.w.embedded.tomcat.TomcatWebServer  : Tomcat started on port(s): 8080 (http) with context path ''
2019-05-17 20:44:05.548  INFO 8448 --- [main] com.library.mana.ManaApplication         : Started ManaApplication in 3.179 seconds (JVM running for 6.227)
2019-05-17 20:46:34.270  INFO 8448 --- [http-nio-8080-exec-10] o.a.c.c.C.[Tomcat].[localhost].[/]       : Initializing Spring DispatcherServlet 'dispatcherServlet'
2019-05-17 20:46:34.270  INFO 8448 --- [http-nio-8080-exec-10] o.s.web.servlet.DispatcherServlet        : Initializing Servlet 'dispatcherServlet'
2019-05-17 20:46:34.270  INFO 8448 --- [http-nio-8080-exec-10] o.s.web.servlet.DispatcherServlet        : Completed initialization in 0 ms
2019-05-17 20:46:34.846  WARN 8448 --- [http-nio-8080-exec-9] com.zaxxer.hikari.HikariConfig           : HikariPool-1 - idleTimeout is close to or more than maxLifetime, disabling it.
2019-05-17 20:46:34.846  INFO 8448 --- [http-nio-8080-exec-9] com.zaxxer.hikari.HikariDataSource       : HikariPool-1 - Starting...
2019-05-17 20:46:34.846  WARN 8448 --- [http-nio-8080-exec-9] com.zaxxer.hikari.util.DriverDataSource  : Registered driver with driverClassName=com.mysql.jdbc.Driver was not found, trying direct instantiation.
2019-05-17 20:46:35.332  INFO 8448 --- [http-nio-8080-exec-9] com.zaxxer.hikari.HikariDataSource       : HikariPool-1 - Start completed.
2019-05-17 21:30:34.634  WARN 8448 --- [http-nio-8080-exec-7] .w.s.m.s.DefaultHandlerExceptionResolver : Resolved [org.springframework.http.converter.HttpMessageNotReadableException: Required request body is missing: public java.util.Map<java.lang.String, java.lang.Object> com.library.mana.web.LendController.selectList(com.library.mana.domain.Conditions,javax.servlet.http.HttpServletRequest)]
2019-05-17 21:30:46.490  WARN 8448 --- [http-nio-8080-exec-3] .w.s.m.s.DefaultHandlerExceptionResolver : Resolved [org.springframework.http.converter.HttpMessageNotReadableException: Required request body is missing: public java.util.Map<java.lang.String, java.lang.Object> com.library.mana.web.LendController.selectList(com.library.mana.domain.Conditions,javax.servlet.http.HttpServletRequest)]
2019-05-17 21:32:18.727  WARN 8448 --- [http-nio-8080-exec-10] .w.s.m.s.DefaultHandlerExceptionResolver : Resolved [org.springframework.http.converter.HttpMessageNotReadableException: Required request body is missing: public java.util.Map<java.lang.String, java.lang.Object> com.library.mana.web.LendController.selectList(com.library.mana.domain.Conditions,javax.servlet.http.HttpServletRequest)]
2019-05-17 21:41:30.156  WARN 8448 --- [http-nio-8080-exec-8] .w.s.m.s.DefaultHandlerExceptionResolver : Resolved [org.springframework.http.converter.HttpMessageNotReadableException: Required request body is missing: public java.util.Map<java.lang.String, java.lang.Object> com.library.mana.web.LendController.selectList(com.library.mana.domain.Conditions,javax.servlet.http.HttpServletRequest)]
2019-05-17 21:41:41.848  WARN 8448 --- [http-nio-8080-exec-6] .w.s.m.s.DefaultHandlerExceptionResolver : Resolved [org.springframework.http.converter.HttpMessageNotReadableException: Required request body is missing: public java.util.Map<java.lang.String, java.lang.Object> com.library.mana.web.LendController.selectList(com.library.mana.domain.Conditions,javax.servlet.http.HttpServletRequest)]
2019-05-17 21:41:59.411  WARN 8448 --- [http-nio-8080-exec-7] .w.s.m.s.DefaultHandlerExceptionResolver : Resolved [org.springframework.http.converter.HttpMessageNotReadableException: Required request body is missing: public java.util.Map<java.lang.String, java.lang.Object> com.library.mana.web.LendController.selectList(com.library.mana.domain.Conditions,javax.servlet.http.HttpServletRequest)]
2019-05-17 21:42:23.507  WARN 8448 --- [http-nio-8080-exec-3] .w.s.m.s.DefaultHandlerExceptionResolver : Resolved [org.springframework.http.converter.HttpMessageNotReadableException: Required request body is missing: public java.util.Map<java.lang.String, java.lang.Object> com.library.mana.web.LendController.selectList(com.library.mana.domain.Conditions,javax.servlet.http.HttpServletRequest)]
2019-05-17 21:42:38.525  WARN 8448 --- [http-nio-8080-exec-10] .w.s.m.s.DefaultHandlerExceptionResolver : Resolved [org.springframework.http.converter.HttpMessageNotReadableException: Required request body is missing: public java.util.Map<java.lang.String, java.lang.Object> com.library.mana.web.LendController.selectList(com.library.mana.domain.Conditions,javax.servlet.http.HttpServletRequest)]
2019-05-17 21:42:57.800  WARN 8448 --- [http-nio-8080-exec-8] .w.s.m.s.DefaultHandlerExceptionResolver : Resolved [org.springframework.http.converter.HttpMessageNotReadableException: Required request body is missing: public java.util.Map<java.lang.String, java.lang.Object> com.library.mana.web.LendController.selectList(com.library.mana.domain.Conditions,javax.servlet.http.HttpServletRequest)]
